INFO:root:path: /home/yilegu/squint/justification/data/storage/squint/results/release/hse/hse_res_exhaust
INFO:root:bug_id_to_hit_crash_state: {}
INFO:root:bug_id_to_miss_crash_state: {'0': 2230}
INFO:root:path: /home/yilegu/squint/justification/data/storage/squint/results/release/hse/hse_res_rep
INFO:root:bug_id_to_hit_crash_state: {'0': 2}
INFO:root:bug_id_to_miss_crash_state: {'0': 42}
INFO:root:path: /home/yilegu/squint/justification/data/storage/squint/results/release/hse_rollback/hse_res_rollback_exhaust
INFO:root:bug_id_to_hit_crash_state: {}
INFO:root:bug_id_to_miss_crash_state: {'0': 2184}
INFO:root:path: /home/yilegu/squint/justification/data/storage/squint/results/release/hse_rollback/hse_res_rollback_rep
INFO:root:bug_id_to_hit_crash_state: {'0': 2}
INFO:root:bug_id_to_miss_crash_state: {'0': 42}
INFO:root:path: /home/yilegu/squint/justification/data/storage/squint/results/release/redis/redis_res_exhaust
INFO:root:bug_id_to_hit_crash_state: {'0': 1076}
INFO:root:bug_id_to_miss_crash_state: {'0': 2832}
INFO:root:path: /home/yilegu/squint/justification/data/storage/squint/results/release/redis/redis_res_rep
INFO:root:bug_id_to_hit_crash_state: {'0': 661}
INFO:root:bug_id_to_miss_crash_state: {'0': 146}
INFO:root:path: /home/yilegu/squint/justification/data/storage/squint/results/release/pmdk_array_v1.4/pmdk_array_v1.4_res_exhaust
INFO:root:bug_id_to_hit_crash_state: {'1': 752, '0': 8}
INFO:root:bug_id_to_miss_crash_state: {'0': 924, '1': 3}
INFO:root:path: /home/yilegu/squint/justification/data/storage/squint/results/release/pmdk_array_v1.4/pmdk_array_v1.4_res_rep
INFO:root:bug_id_to_hit_crash_state: {'1': 97, '0': 1}
INFO:root:bug_id_to_miss_crash_state: {'0': 91, '1': 6}
INFO:root:path: /home/yilegu/squint/justification/data/storage/squint/results/release/FAST_FAIR/FAST_FAIR_res_exhaust
INFO:root:bug_id_to_hit_crash_state: {'0': 1461, '1': 464, '4': 6712, '5': 2228, '6': 485, '3': 122, '2': 6}
INFO:root:bug_id_to_miss_crash_state: {'2': 3003, '4': 398, '6': 2939, '1': 713, '0': 472, '3': 14}
INFO:root:path: /home/yilegu/squint/justification/data/storage/squint/results/release/FAST_FAIR/FAST_FAIR_res_rep
INFO:root:bug_id_to_hit_crash_state: {'4': 560, '3': 62, '0': 46, '1': 33, '6': 42, '5': 34, '2': 4}
INFO:root:bug_id_to_miss_crash_state: {'0': 73, '3': 64, '6': 215, '2': 39, '1': 64, '4': 14, '5': 4}
INFO:root:path: /home/yilegu/squint/justification/data/storage/squint/results/release/pmdk_btree_v1.4/pmdk_btree_res_exhaust
INFO:root:bug_id_to_hit_crash_state: {'2': 3279, '0': 6286, '1': 109}
INFO:root:bug_id_to_miss_crash_state: {'1': 1418, '0': 5285, '3': 948, '2': 1}
INFO:root:path: /home/yilegu/squint/justification/data/storage/squint/results/release/pmdk_btree_v1.4/pmdk_btree_res_rep
INFO:root:bug_id_to_hit_crash_state: {'2': 360, '0': 140, '1': 11}
INFO:root:bug_id_to_miss_crash_state: {'3': 83, '0': 180, '1': 39}
INFO:root:path: /home/yilegu/squint/justification/data/storage/squint/results/release/pmdk_hashmap_atomic_v1.4/pmdk_hashmap_atomic_v1.4_res_exhaust
INFO:root:bug_id_to_hit_crash_state: {'1': 2526, '0': 82, '2': 10}
INFO:root:bug_id_to_miss_crash_state: {'1': 22274, '3': 3998, '2': 11441, '0': 16}
INFO:root:path: /home/yilegu/squint/justification/data/storage/squint/results/release/pmdk_hashmap_atomic_v1.4/pmdk_hashmap_atomic_v1.4_res_rep
INFO:root:bug_id_to_hit_crash_state: {'1': 23, '0': 42}
INFO:root:bug_id_to_miss_crash_state: {'3': 87, '1': 65, '2': 330, '0': 15}
INFO:root:path: /home/yilegu/squint/justification/data/storage/squint/results/release/pmdk_rbtree_v1.4/pmdk_rbtree_v1.4_res_exhaust
INFO:root:bug_id_to_hit_crash_state: {'0': 8750, '1': 15132, '2': 2834, '3': 1670}
INFO:root:bug_id_to_miss_crash_state: {'0': 978, '1': 1598, '3': 5}
INFO:root:path: /home/yilegu/squint/justification/data/storage/squint/results/release/pmdk_rbtree_v1.4/pmdk_rbtree_v1.4_res_rep
INFO:root:bug_id_to_hit_crash_state: {'1': 688, '2': 10, '0': 26, '3': 4}
INFO:root:bug_id_to_miss_crash_state: {'1': 64, '0': 16}
INFO:root:path: /home/yilegu/squint/justification/data/storage/squint/results/release/cceh/cceh_res_exhaust
INFO:root:bug_id_to_hit_crash_state: {'1': 3105, '0': 8351, '3': 2364}
INFO:root:bug_id_to_miss_crash_state: {'3': 9033}
INFO:root:path: /home/yilegu/squint/justification/data/storage/squint/results/release/cceh/cceh_res_rep
INFO:root:bug_id_to_hit_crash_state: {'0': 789, '2': 151, '3': 24, '1': 70}
INFO:root:bug_id_to_miss_crash_state: {'2': 105, '3': 275, '1': 5}
INFO:root:path: /home/yilegu/squint/justification/data/storage/squint/results/release/woart/woart_res_exhaust
INFO:root:bug_id_to_hit_crash_state: {'1': 37851, '2': 969, '0': 1}
INFO:root:bug_id_to_miss_crash_state: {'0': 6086, '2': 19393, '3': 1344}
INFO:root:path: /home/yilegu/squint/justification/data/storage/squint/results/release/woart/woart_res_rep
INFO:root:bug_id_to_hit_crash_state: {'1': 603, '2': 120, '0': 2, '3': 1}
INFO:root:bug_id_to_miss_crash_state: {'2': 127, '0': 72, '3': 44}
INFO:root:path: /home/yilegu/squint/justification/data/storage/squint/results/release/wort/wort_res_exhaust
INFO:root:bug_id_to_hit_crash_state: {'0': 23949, '1': 2}
INFO:root:bug_id_to_miss_crash_state: {'0': 39817, '1': 1}
INFO:root:path: /home/yilegu/squint/justification/data/storage/squint/results/release/wort/wort_res_rep
INFO:root:bug_id_to_hit_crash_state: {'0': 868, '1': 4}
INFO:root:bug_id_to_miss_crash_state: {'0': 122, '1': 1}
INFO:root:path: /home/yilegu/squint/justification/data/storage/squint/results/release/P_ART/P_ART_res_exhaust
INFO:root:bug_id_to_hit_crash_state: {'3': 10899, '1': 77322, '2': 22823, '0': 885}
INFO:root:bug_id_to_miss_crash_state: {'1': 77365, '3': 11000, '0': 1183}
INFO:root:path: /home/yilegu/squint/justification/data/storage/squint/results/release/P_ART/P_ART_res_rep
INFO:root:bug_id_to_hit_crash_state: {'2': 609, '1': 941, '3': 141, '0': 151}
INFO:root:bug_id_to_miss_crash_state: {'1': 577, '0': 114, '3': 38}
INFO:root:path: /home/yilegu/squint/justification/data/storage/squint/results/release/P_BwTree/P_BwTree_res_exhaust
INFO:root:bug_id_to_hit_crash_state: {'1': 2218, '0': 76, '2': 672}
INFO:root:bug_id_to_miss_crash_state: {'0': 6753, '2': 122}
INFO:root:path: /home/yilegu/squint/justification/data/storage/squint/results/release/P_BwTree/P_BwTree_res_rep
INFO:root:bug_id_to_hit_crash_state: {'1': 1175, '2': 120, '0': 24}
INFO:root:bug_id_to_miss_crash_state: {'2': 75, '0': 270}
INFO:root:path: /home/yilegu/squint/justification/data/storage/squint/results/release/P_CLHT/P_CLHT_Witcher_res_exhaust
INFO:root:bug_id_to_hit_crash_state: {'2': 20609, '3': 2190, '1': 1549}
INFO:root:bug_id_to_miss_crash_state: {'2': 9187, '3': 1888, '0': 304}
INFO:root:path: /home/yilegu/squint/justification/data/storage/squint/results/release/P_CLHT/P_CLHT_Witcher_res_rep
INFO:root:bug_id_to_hit_crash_state: {'1': 468, '3': 287, '2': 158, '0': 5}
INFO:root:bug_id_to_miss_crash_state: {'2': 528, '0': 184, '3': 150}
INFO:root:path: /home/yilegu/squint/justification/data/storage/squint/results/release/P_CLHT_Witcher_Aga/P_CLHT_Witcher_Aga_res_exhaust
INFO:root:bug_id_to_hit_crash_state: {'5': 2162, '6': 2149, '9': 2448, '7': 439, '3': 91, '8': 1, '4': 1}
INFO:root:bug_id_to_miss_crash_state: {'3': 1522, '5': 3229, '9': 2507, '6': 1674, '7': 168, '4': 525, '8': 154}
INFO:root:path: /home/yilegu/squint/justification/data/storage/squint/results/release/P_CLHT_Witcher_Aga/P_CLHT_Witcher_Aga_res_rep
INFO:root:bug_id_to_hit_crash_state: {'7': 539, '3': 36, '4': 6, '6': 88, '9': 92, '8': 20, '5': 74}
INFO:root:bug_id_to_miss_crash_state: {'3': 452, '8': 118, '4': 259, '6': 503, '9': 350, '5': 194, '7': 41}
INFO:root:path: /home/yilegu/squint/justification/data/storage/squint/results/release/P_CLHT_Witcher_Aga_TX/P_CLHT_Witcher_Aga_TX_res_exhaust
INFO:root:bug_id_to_hit_crash_state: {'11': 11277, '14': 11083, '10': 5939, '13': 911, '12': 1, '3': 2}
INFO:root:bug_id_to_miss_crash_state: {'11': 4988, '14': 6769, '10': 4711, '13': 315, '12': 387, '3': 350}
INFO:root:path: /home/yilegu/squint/justification/data/storage/squint/results/release/P_CLHT_Witcher_Aga_TX/P_CLHT_Witcher_Aga_TX_res_rep
INFO:root:bug_id_to_hit_crash_state: {'13': 639, '12': 6, '10': 20, '11': 19, '14': 15, '3': 2}
INFO:root:bug_id_to_miss_crash_state: {'3': 113, '12': 104, '10': 99, '13': 41, '11': 73, '14': 69}
INFO:root:path: /home/yilegu/squint/justification/data/storage/squint/results/release/P_HOT/P_HOT_res_exhaust
INFO:root:bug_id_to_hit_crash_state: {'2': 4700, '0': 1244, '1': 2459, '5': 1134, '3': 993, '6': 629, '4': 3}
INFO:root:bug_id_to_miss_crash_state: {'1': 29258, '5': 12406, '0': 19492, '6': 7620, '4': 5}
INFO:root:path: /home/yilegu/squint/justification/data/storage/squint/results/release/P_HOT/P_HOT_res_rep
INFO:root:bug_id_to_hit_crash_state: {'2': 662, '3': 187, '5': 44, '1': 16, '4': 8, '0': 4}
INFO:root:bug_id_to_miss_crash_state: {'5': 121, '0': 229, '1': 417, '3': 4, '6': 95, '4': 2}
INFO:root:path: /home/yilegu/squint/justification/data/storage/squint/results/release/P_MassTree/P_MassTree_res_exhaust
INFO:root:bug_id_to_hit_crash_state: {'2': 1643, '1': 4202, '0': 7}
INFO:root:bug_id_to_miss_crash_state: {'0': 3789, '2': 7171}
INFO:root:path: /home/yilegu/squint/justification/data/storage/squint/results/release/P_MassTree/P_MassTree_res_rep
INFO:root:bug_id_to_hit_crash_state: {'1': 688, '2': 193, '0': 42}
INFO:root:bug_id_to_miss_crash_state: {'0': 496, '2': 196}
